Successfully updated chicken ages.
[main 582c1f6] Automated backup and update at 2025-07-04
 2 files changed, 5 deletions(-)
Already up to date.
[main 215b3c7] Post-pull commit at 2025-07-04
 1 file changed, 3 insertions(+)
To https://github.com/tarxemo/RB.git
   6ef5625..215b3c7  main -> main
Successfully updated chicken ages.
[main 01de867] Automated backup and update at 2025-07-05
 2 files changed, 5 insertions(+)
 create mode 100644 db_backup_2025-07-05.dump
Already up to date.
[main c40ddb8] Post-pull commit at 2025-07-05
 1 file changed, 4 insertions(+)
To https://github.com/tarxemo/RB.git
   215b3c7..c40ddb8  main -> main
Successfully updated chicken ages.
[main 723b397] Automated backup and update at 2025-07-06
 11 files changed, 1 insertion(+)
 create mode 100644 db_backup_2025-07-06.dump
 create mode 100644 poutryapp/migrations/__pycache__/0009_eggsale_reject_price_alter_eggsale_price_per_egg.cpython-312.pyc
Already up to date.
[main 88094c3] Post-pull commit at 2025-07-06
 1 file changed, 5 insertions(+)
To https://github.com/tarxemo/RB.git
   350ca85..88094c3  main -> main
Successfully updated chicken ages.
[main ee0bf70] Automated backup and update at 2025-07-07
Already up to date.
[main 058d1ce] Post-pull commit at 2025-07-07
 1 file changed, 2 insertions(+)
To https://github.com/tarxemo/RB.git
   f557305..058d1ce  main -> main
Successfully updated chicken ages.
