[2025-10-12 12:41:14 +0000] [12310] [INFO] Starting gunicorn 23.0.0
[2025-10-12 12:41:14 +0000] [12310] [INFO] Listening at: unix:/home/ubuntu/github_management/RB/gunicorn.sock (12310)
[2025-10-12 12:41:14 +0000] [12310] [INFO] Using worker: sync
[2025-10-12 12:41:14 +0000] [12363] [INFO] Booting worker with pid: 12363
[2025-10-12 12:41:14 +0000] [12364] [INFO] Booting worker with pid: 12364
[2025-10-12 12:41:14 +0000] [12365] [INFO] Booting worker with pid: 12365
[2025-10-12 12:43:40 +0000] [12310] [INFO] Handling signal: term
[2025-10-12 15:43:40 +0300] [12363] [INFO] Worker exiting (pid: 12363)
[2025-10-12 15:43:40 +0300] [12364] [INFO] Worker exiting (pid: 12364)
[2025-10-12 15:43:40 +0300] [12365] [INFO] Worker exiting (pid: 12365)
[2025-10-12 12:43:40 +0000] [12310] [INFO] Shutting down: Master
[2025-10-12 12:43:40 +0000] [13041] [INFO] Starting gunicorn 23.0.0
[2025-10-12 12:43:40 +0000] [13041] [INFO] Listening at: unix:/home/ubuntu/github_management/RB/gunicorn.sock (13041)
[2025-10-12 12:43:40 +0000] [13041] [INFO] Using worker: sync
[2025-10-12 12:43:40 +0000] [13042] [INFO] Booting worker with pid: 13042
[2025-10-12 12:43:40 +0000] [13043] [INFO] Booting worker with pid: 13043
[2025-10-12 12:43:41 +0000] [13044] [INFO] Booting worker with pid: 13044
[2025-10-12 13:02:04 +0000] [13041] [INFO] Handling signal: term
[2025-10-12 16:02:04 +0300] [13043] [INFO] Worker exiting (pid: 13043)
[2025-10-12 16:02:04 +0300] [13042] [INFO] Worker exiting (pid: 13042)
[2025-10-12 16:02:04 +0300] [13044] [INFO] Worker exiting (pid: 13044)
[2025-10-12 13:02:07 +0000] [13041] [INFO] Shutting down: Master
[2025-10-12 13:02:08 +0000] [14847] [INFO] Starting gunicorn 23.0.0
[2025-10-12 13:02:08 +0000] [14847] [INFO] Listening at: unix:/home/ubuntu/github_management/RB/gunicorn.sock (14847)
[2025-10-12 13:02:08 +0000] [14847] [INFO] Using worker: sync
[2025-10-12 13:02:08 +0000] [14900] [INFO] Booting worker with pid: 14900
[2025-10-12 13:02:08 +0000] [14901] [INFO] Booting worker with pid: 14901
[2025-10-12 13:02:08 +0000] [14902] [INFO] Booting worker with pid: 14902
[2025-10-12 13:05:07 +0000] [14847] [INFO] Handling signal: term
[2025-10-12 16:05:07 +0300] [14900] [INFO] Worker exiting (pid: 14900)
[2025-10-12 16:05:07 +0300] [14901] [INFO] Worker exiting (pid: 14901)
[2025-10-12 16:05:07 +0300] [14902] [INFO] Worker exiting (pid: 14902)
[2025-10-12 13:05:14 +0000] [14847] [INFO] Shutting down: Master
[2025-10-12 13:05:15 +0000] [15483] [INFO] Starting gunicorn 23.0.0
[2025-10-12 13:05:15 +0000] [15483] [INFO] Listening at: unix:/home/ubuntu/github_management/RB/gunicorn.sock (15483)
[2025-10-12 13:05:15 +0000] [15483] [INFO] Using worker: sync
[2025-10-12 13:05:15 +0000] [15537] [INFO] Booting worker with pid: 15537
[2025-10-12 13:05:15 +0000] [15538] [INFO] Booting worker with pid: 15538
[2025-10-12 13:05:15 +0000] [15541] [INFO] Booting worker with pid: 15541
[2025-10-12 13:14:49 +0000] [15483] [INFO] Handling signal: term
[2025-10-12 16:14:49 +0300] [15538] [INFO] Worker exiting (pid: 15538)
[2025-10-12 16:14:49 +0300] [15541] [INFO] Worker exiting (pid: 15541)
[2025-10-12 16:14:49 +0300] [15537] [INFO] Worker exiting (pid: 15537)
[2025-10-12 13:14:59 +0000] [15483] [INFO] Shutting down: Master
[2025-10-12 13:15:00 +0000] [16575] [INFO] Starting gunicorn 23.0.0
[2025-10-12 13:15:00 +0000] [16575] [INFO] Listening at: unix:/home/ubuntu/github_management/RB/gunicorn.sock (16575)
[2025-10-12 13:15:00 +0000] [16575] [INFO] Using worker: sync
[2025-10-12 13:15:00 +0000] [16630] [INFO] Booting worker with pid: 16630
[2025-10-12 13:15:00 +0000] [16631] [INFO] Booting worker with pid: 16631
[2025-10-12 13:15:00 +0000] [16632] [INFO] Booting worker with pid: 16632
[2025-10-12 16:19:41 +0300] [16631] [INFO] Worker exiting (pid: 16631)
[2025-10-12 16:19:41 +0300] [16632] [INFO] Worker exiting (pid: 16632)
[2025-10-12 16:19:41 +0300] [16630] [INFO] Worker exiting (pid: 16630)
[2025-10-12 13:19:41 +0000] [16575] [INFO] Handling signal: term
[2025-10-12 13:19:41 +0000] [16575] [ERROR] Worker (pid:16631) was sent SIGTERM!
[2025-10-12 13:19:41 +0000] [16575] [ERROR] Worker (pid:16632) was sent SIGTERM!
[2025-10-12 13:19:41 +0000] [16575] [ERROR] Worker (pid:16630) was sent SIGTERM!
[2025-10-12 13:19:41 +0000] [16575] [INFO] Shutting down: Master
[2025-10-12 13:19:42 +0000] [17220] [INFO] Starting gunicorn 23.0.0
[2025-10-12 13:19:42 +0000] [17220] [INFO] Listening at: unix:/home/ubuntu/github_management/RB/gunicorn.sock (17220)
[2025-10-12 13:19:42 +0000] [17220] [INFO] Using worker: sync
[2025-10-12 13:19:42 +0000] [17275] [INFO] Booting worker with pid: 17275
[2025-10-12 13:19:42 +0000] [17276] [INFO] Booting worker with pid: 17276
[2025-10-12 13:19:42 +0000] [17277] [INFO] Booting worker with pid: 17277
[2025-10-12 16:39:54 +0300] [17277] [INFO] Worker exiting (pid: 17277)
[2025-10-12 16:39:54 +0300] [17276] [INFO] Worker exiting (pid: 17276)
[2025-10-12 16:39:54 +0300] [17275] [INFO] Worker exiting (pid: 17275)
[2025-10-12 13:39:54 +0000] [17220] [INFO] Handling signal: term
[2025-10-12 13:39:54 +0000] [17220] [ERROR] Worker (pid:17275) was sent SIGTERM!
[2025-10-12 13:39:54 +0000] [17220] [ERROR] Worker (pid:17277) was sent SIGTERM!
[2025-10-12 13:39:54 +0000] [17220] [ERROR] Worker (pid:17276) was sent SIGTERM!
[2025-10-12 13:39:54 +0000] [17220] [INFO] Shutting down: Master
[2025-10-12 13:39:55 +0000] [19191] [INFO] Starting gunicorn 23.0.0
[2025-10-12 13:39:55 +0000] [19191] [INFO] Listening at: unix:/home/ubuntu/github_management/RB/gunicorn.sock (19191)
[2025-10-12 13:39:55 +0000] [19191] [INFO] Using worker: sync
[2025-10-12 13:39:55 +0000] [19244] [INFO] Booting worker with pid: 19244
[2025-10-12 13:39:55 +0000] [19245] [INFO] Booting worker with pid: 19245
[2025-10-12 13:39:55 +0000] [19246] [INFO] Booting worker with pid: 19246
[2025-10-12 16:53:24 +0300] [19246] [INFO] Worker exiting (pid: 19246)
[2025-10-12 13:53:24 +0000] [19191] [INFO] Handling signal: term
[2025-10-12 16:53:24 +0300] [19245] [INFO] Worker exiting (pid: 19245)
[2025-10-12 13:53:25 +0000] [19191] [ERROR] Worker (pid:19246) was sent SIGTERM!
[2025-10-12 16:53:24 +0300] [19244] [INFO] Worker exiting (pid: 19244)
[2025-10-12 13:53:26 +0000] [19191] [INFO] Shutting down: Master
[2025-10-12 13:53:26 +0000] [20591] [INFO] Starting gunicorn 23.0.0
[2025-10-12 13:53:26 +0000] [20591] [INFO] Listening at: http://127.0.0.1:8006 (20591)
[2025-10-12 13:53:26 +0000] [20591] [INFO] Using worker: sync
[2025-10-12 13:53:26 +0000] [20647] [INFO] Booting worker with pid: 20647
[2025-10-12 13:53:26 +0000] [20648] [INFO] Booting worker with pid: 20648
[2025-10-12 13:53:26 +0000] [20649] [INFO] Booting worker with pid: 20649
[2025-10-12 16:59:16 +0300] [20649] [INFO] Worker exiting (pid: 20649)
[2025-10-12 16:59:16 +0300] [20648] [INFO] Worker exiting (pid: 20648)
[2025-10-12 13:59:16 +0000] [20591] [INFO] Handling signal: term
[2025-10-12 13:59:16 +0000] [20591] [ERROR] Worker (pid:20648) was sent SIGTERM!
[2025-10-12 13:59:16 +0000] [20591] [ERROR] Worker (pid:20649) was sent SIGTERM!
[2025-10-12 16:59:16 +0300] [20647] [INFO] Worker exiting (pid: 20647)
[2025-10-12 13:59:18 +0000] [20591] [INFO] Shutting down: Master
[2025-10-12 13:59:18 +0000] [20967] [INFO] Starting gunicorn 23.0.0
[2025-10-12 13:59:18 +0000] [20967] [INFO] Listening at: http://127.0.0.1:8006 (20967)
[2025-10-12 13:59:18 +0000] [20967] [INFO] Using worker: sync
[2025-10-12 13:59:18 +0000] [21021] [INFO] Booting worker with pid: 21021
[2025-10-12 13:59:18 +0000] [21022] [INFO] Booting worker with pid: 21022
[2025-10-12 13:59:18 +0000] [21023] [INFO] Booting worker with pid: 21023
[2025-10-12 14:02:27 +0000] [20967] [INFO] Handling signal: term
[2025-10-12 17:02:27 +0300] [21021] [INFO] Worker exiting (pid: 21021)
[2025-10-12 17:02:27 +0300] [21023] [INFO] Worker exiting (pid: 21023)
[2025-10-12 17:02:27 +0300] [21022] [INFO] Worker exiting (pid: 21022)
[2025-10-12 14:02:34 +0000] [20967] [INFO] Shutting down: Master
[2025-10-12 14:02:35 +0000] [21845] [INFO] Starting gunicorn 23.0.0
[2025-10-12 14:02:35 +0000] [21845] [INFO] Listening at: http://127.0.0.1:8006 (21845)
[2025-10-12 14:02:35 +0000] [21845] [INFO] Using worker: sync
[2025-10-12 14:02:35 +0000] [21900] [INFO] Booting worker with pid: 21900
[2025-10-12 14:02:35 +0000] [21901] [INFO] Booting worker with pid: 21901
[2025-10-12 14:02:35 +0000] [21902] [INFO] Booting worker with pid: 21902
[2025-10-12 17:33:57 +0300] [21901] [INFO] Worker exiting (pid: 21901)
[2025-10-12 14:33:57 +0000] [21845] [INFO] Handling signal: term
[2025-10-12 14:33:57 +0000] [21845] [ERROR] Worker (pid:21901) was sent SIGTERM!
[2025-10-12 17:33:57 +0300] [21902] [INFO] Worker exiting (pid: 21902)
[2025-10-12 17:33:57 +0300] [21900] [INFO] Worker exiting (pid: 21900)
[2025-10-12 14:34:05 +0000] [21845] [INFO] Shutting down: Master
[2025-10-12 14:34:06 +0000] [23570] [INFO] Starting gunicorn 23.0.0
[2025-10-12 14:34:06 +0000] [23570] [INFO] Listening at: http://127.0.0.1:8006 (23570)
[2025-10-12 14:34:06 +0000] [23570] [INFO] Using worker: sync
[2025-10-12 14:34:06 +0000] [23624] [INFO] Booting worker with pid: 23624
[2025-10-12 14:34:06 +0000] [23625] [INFO] Booting worker with pid: 23625
[2025-10-12 14:34:06 +0000] [23626] [INFO] Booting worker with pid: 23626
[2025-10-12 14:52:11 +0000] [23570] [INFO] Handling signal: term
[2025-10-12 17:52:11 +0300] [23625] [INFO] Worker exiting (pid: 23625)
[2025-10-12 17:52:11 +0300] [23624] [INFO] Worker exiting (pid: 23624)
[2025-10-12 17:52:11 +0300] [23626] [INFO] Worker exiting (pid: 23626)
[2025-10-12 14:52:19 +0000] [23570] [INFO] Shutting down: Master
[2025-10-12 14:52:20 +0000] [25133] [INFO] Starting gunicorn 23.0.0
[2025-10-12 14:52:20 +0000] [25133] [INFO] Listening at: http://127.0.0.1:8006 (25133)
[2025-10-12 14:52:20 +0000] [25133] [INFO] Using worker: sync
[2025-10-12 14:52:20 +0000] [25187] [INFO] Booting worker with pid: 25187
[2025-10-12 14:52:20 +0000] [25188] [INFO] Booting worker with pid: 25188
[2025-10-12 14:52:20 +0000] [25189] [INFO] Booting worker with pid: 25189
[2025-10-12 14:59:21 +0000] [25133] [INFO] Handling signal: term
[2025-10-12 17:59:21 +0300] [25188] [INFO] Worker exiting (pid: 25188)
[2025-10-12 17:59:21 +0300] [25189] [INFO] Worker exiting (pid: 25189)
[2025-10-12 17:59:21 +0300] [25187] [INFO] Worker exiting (pid: 25187)
[2025-10-12 14:59:31 +0000] [25133] [INFO] Shutting down: Master
[2025-10-12 14:59:32 +0000] [26072] [INFO] Starting gunicorn 23.0.0
[2025-10-12 14:59:32 +0000] [26072] [INFO] Listening at: http://127.0.0.1:8006 (26072)
[2025-10-12 14:59:32 +0000] [26072] [INFO] Using worker: sync
[2025-10-12 14:59:32 +0000] [26128] [INFO] Booting worker with pid: 26128
[2025-10-12 14:59:33 +0000] [26129] [INFO] Booting worker with pid: 26129
[2025-10-12 14:59:33 +0000] [26130] [INFO] Booting worker with pid: 26130
[2025-10-12 18:05:02 +0300] [26130] [INFO] Worker exiting (pid: 26130)
[2025-10-12 18:05:02 +0300] [26129] [INFO] Worker exiting (pid: 26129)
[2025-10-12 15:05:02 +0000] [26072] [INFO] Handling signal: term
[2025-10-12 15:05:02 +0000] [26072] [ERROR] Worker (pid:26130) was sent SIGTERM!
[2025-10-12 18:05:02 +0300] [26128] [INFO] Worker exiting (pid: 26128)
[2025-10-12 15:05:06 +0000] [26072] [INFO] Shutting down: Master
[2025-10-12 15:05:06 +0000] [26974] [INFO] Starting gunicorn 23.0.0
[2025-10-12 15:05:06 +0000] [26974] [INFO] Listening at: http://127.0.0.1:8006 (26974)
[2025-10-12 15:05:06 +0000] [26974] [INFO] Using worker: sync
[2025-10-12 15:05:06 +0000] [27029] [INFO] Booting worker with pid: 27029
[2025-10-12 15:05:06 +0000] [27030] [INFO] Booting worker with pid: 27030
[2025-10-12 15:05:06 +0000] [27031] [INFO] Booting worker with pid: 27031
[2025-10-12 18:09:39 +0300] [27031] [INFO] Worker exiting (pid: 27031)
[2025-10-12 18:09:39 +0300] [27030] [INFO] Worker exiting (pid: 27030)
[2025-10-12 18:09:39 +0300] [27029] [INFO] Worker exiting (pid: 27029)
[2025-10-12 15:09:39 +0000] [26974] [INFO] Handling signal: term
[2025-10-12 15:09:39 +0000] [26974] [ERROR] Worker (pid:27031) was sent SIGTERM!
[2025-10-12 15:09:39 +0000] [26974] [ERROR] Worker (pid:27030) was sent SIGTERM!
[2025-10-12 15:09:43 +0000] [26974] [INFO] Shutting down: Master
[2025-10-12 15:09:44 +0000] [27870] [INFO] Starting gunicorn 23.0.0
[2025-10-12 15:09:44 +0000] [27870] [INFO] Listening at: http://127.0.0.1:8006 (27870)
[2025-10-12 15:09:44 +0000] [27870] [INFO] Using worker: sync
[2025-10-12 15:09:44 +0000] [27925] [INFO] Booting worker with pid: 27925
[2025-10-12 15:09:44 +0000] [27926] [INFO] Booting worker with pid: 27926
[2025-10-12 15:09:44 +0000] [27927] [INFO] Booting worker with pid: 27927
[2025-10-12 15:12:13 +0000] [27870] [INFO] Handling signal: term
[2025-10-12 18:12:13 +0300] [27927] [INFO] Worker exiting (pid: 27927)
[2025-10-12 18:12:13 +0300] [27925] [INFO] Worker exiting (pid: 27925)
[2025-10-12 18:12:13 +0300] [27926] [INFO] Worker exiting (pid: 27926)
[2025-10-12 15:12:20 +0000] [27870] [INFO] Shutting down: Master
[2025-10-12 15:12:21 +0000] [28757] [INFO] Starting gunicorn 23.0.0
[2025-10-12 15:12:21 +0000] [28757] [INFO] Listening at: http://127.0.0.1:8006 (28757)
[2025-10-12 15:12:21 +0000] [28757] [INFO] Using worker: sync
[2025-10-12 15:12:21 +0000] [28813] [INFO] Booting worker with pid: 28813
[2025-10-12 15:12:21 +0000] [28814] [INFO] Booting worker with pid: 28814
[2025-10-12 15:12:21 +0000] [28815] [INFO] Booting worker with pid: 28815
[2025-10-12 18:18:58 +0300] [28814] [INFO] Worker exiting (pid: 28814)
[2025-10-12 15:18:58 +0000] [28757] [INFO] Handling signal: term
[2025-10-12 15:18:58 +0000] [28757] [ERROR] Worker (pid:28814) was sent SIGTERM!
[2025-10-12 18:18:58 +0300] [28813] [INFO] Worker exiting (pid: 28813)
[2025-10-12 18:18:58 +0300] [28815] [INFO] Worker exiting (pid: 28815)
[2025-10-12 15:19:04 +0000] [28757] [INFO] Shutting down: Master
[2025-10-12 15:19:05 +0000] [29712] [INFO] Starting gunicorn 23.0.0
[2025-10-12 15:19:05 +0000] [29712] [INFO] Listening at: http://127.0.0.1:8006 (29712)
[2025-10-12 15:19:05 +0000] [29712] [INFO] Using worker: sync
[2025-10-12 15:19:05 +0000] [29767] [INFO] Booting worker with pid: 29767
[2025-10-12 15:19:05 +0000] [29768] [INFO] Booting worker with pid: 29768
[2025-10-12 15:19:05 +0000] [29769] [INFO] Booting worker with pid: 29769
[2025-10-12 18:24:42 +0300] [29767] [INFO] Worker exiting (pid: 29767)
[2025-10-12 18:24:42 +0300] [29768] [INFO] Worker exiting (pid: 29768)
[2025-10-12 18:24:42 +0300] [29769] [INFO] Worker exiting (pid: 29769)
[2025-10-12 15:24:42 +0000] [29712] [INFO] Handling signal: term
[2025-10-12 15:24:42 +0000] [29712] [ERROR] Worker (pid:29767) was sent SIGTERM!
[2025-10-12 15:24:42 +0000] [29712] [ERROR] Worker (pid:29769) was sent SIGTERM!
[2025-10-12 15:24:42 +0000] [29712] [ERROR] Worker (pid:29768) was sent SIGTERM!
[2025-10-12 15:24:42 +0000] [29712] [INFO] Shutting down: Master
[2025-10-12 15:24:43 +0000] [30689] [INFO] Starting gunicorn 23.0.0
[2025-10-12 15:24:43 +0000] [30689] [INFO] Listening at: http://127.0.0.1:8006 (30689)
[2025-10-12 15:24:43 +0000] [30689] [INFO] Using worker: sync
[2025-10-12 15:24:43 +0000] [30744] [INFO] Booting worker with pid: 30744
[2025-10-12 15:24:43 +0000] [30745] [INFO] Booting worker with pid: 30745
[2025-10-12 15:24:43 +0000] [30746] [INFO] Booting worker with pid: 30746
[2025-10-12 15:36:08 +0000] [30689] [INFO] Handling signal: term
[2025-10-12 18:36:08 +0300] [30746] [INFO] Worker exiting (pid: 30746)
[2025-10-12 18:36:08 +0300] [30745] [INFO] Worker exiting (pid: 30745)
[2025-10-12 18:36:08 +0300] [30744] [INFO] Worker exiting (pid: 30744)
[2025-10-12 15:36:11 +0000] [30689] [INFO] Shutting down: Master
[2025-10-12 15:36:12 +0000] [31714] [INFO] Starting gunicorn 23.0.0
[2025-10-12 15:36:12 +0000] [31714] [INFO] Listening at: http://127.0.0.1:8006 (31714)
[2025-10-12 15:36:12 +0000] [31714] [INFO] Using worker: sync
[2025-10-12 15:36:12 +0000] [31769] [INFO] Booting worker with pid: 31769
[2025-10-12 15:36:12 +0000] [31770] [INFO] Booting worker with pid: 31770
[2025-10-12 15:36:12 +0000] [31771] [INFO] Booting worker with pid: 31771
[2025-10-12 15:39:41 +0000] [31714] [INFO] Handling signal: term
[2025-10-12 18:39:41 +0300] [31771] [INFO] Worker exiting (pid: 31771)
[2025-10-12 18:39:41 +0300] [31770] [INFO] Worker exiting (pid: 31770)
[2025-10-12 18:39:41 +0300] [31769] [INFO] Worker exiting (pid: 31769)
[2025-10-12 15:39:51 +0000] [31714] [INFO] Shutting down: Master
[2025-10-12 15:39:52 +0000] [32283] [INFO] Starting gunicorn 23.0.0
[2025-10-12 15:39:52 +0000] [32283] [INFO] Listening at: http://127.0.0.1:8006 (32283)
[2025-10-12 15:39:52 +0000] [32283] [INFO] Using worker: sync
[2025-10-12 15:39:52 +0000] [32337] [INFO] Booting worker with pid: 32337
[2025-10-12 15:39:52 +0000] [32338] [INFO] Booting worker with pid: 32338
[2025-10-12 15:39:52 +0000] [32339] [INFO] Booting worker with pid: 32339
[2025-10-12 19:05:55 +0300] [32337] [INFO] Worker exiting (pid: 32337)
[2025-10-12 19:05:55 +0300] [32339] [INFO] Worker exiting (pid: 32339)
[2025-10-12 19:05:55 +0300] [32338] [INFO] Worker exiting (pid: 32338)
[2025-10-12 16:05:55 +0000] [32283] [INFO] Handling signal: term
[2025-10-12 16:05:55 +0000] [32283] [ERROR] Worker (pid:32337) was sent SIGTERM!
[2025-10-12 16:05:55 +0000] [32283] [ERROR] Worker (pid:32338) was sent SIGTERM!
[2025-10-12 16:05:55 +0000] [32283] [ERROR] Worker (pid:32339) was sent SIGTERM!
[2025-10-12 16:05:55 +0000] [32283] [INFO] Shutting down: Master
[2025-10-12 16:05:56 +0000] [34204] [INFO] Starting gunicorn 23.0.0
[2025-10-12 16:05:56 +0000] [34204] [INFO] Listening at: http://127.0.0.1:8006 (34204)
[2025-10-12 16:05:56 +0000] [34204] [INFO] Using worker: sync
[2025-10-12 16:05:56 +0000] [34210] [INFO] Booting worker with pid: 34210
[2025-10-12 16:05:56 +0000] [34211] [INFO] Booting worker with pid: 34211
[2025-10-12 16:05:56 +0000] [34212] [INFO] Booting worker with pid: 34212
[2025-10-12 19:17:55 +0300] [34212] [INFO] Worker exiting (pid: 34212)
[2025-10-12 19:17:55 +0300] [34210] [INFO] Worker exiting (pid: 34210)
[2025-10-12 19:17:55 +0300] [34211] [INFO] Worker exiting (pid: 34211)
[2025-10-12 16:17:55 +0000] [34204] [INFO] Handling signal: term
[2025-10-12 16:17:55 +0000] [34204] [ERROR] Worker (pid:34210) was sent SIGTERM!
[2025-10-12 16:17:55 +0000] [34204] [ERROR] Worker (pid:34211) was sent SIGTERM!
[2025-10-12 16:17:55 +0000] [34204] [ERROR] Worker (pid:34212) was sent SIGTERM!
[2025-10-12 16:17:55 +0000] [34204] [INFO] Shutting down: Master
[2025-10-12 16:17:56 +0000] [34823] [INFO] Starting gunicorn 23.0.0
[2025-10-12 16:17:56 +0000] [34823] [INFO] Listening at: http://127.0.0.1:8006 (34823)
[2025-10-12 16:17:56 +0000] [34823] [INFO] Using worker: sync
[2025-10-12 16:17:56 +0000] [34826] [INFO] Booting worker with pid: 34826
[2025-10-12 16:17:56 +0000] [34827] [INFO] Booting worker with pid: 34827
[2025-10-12 16:17:56 +0000] [34828] [INFO] Booting worker with pid: 34828
[2025-10-12 20:44:16 +0300] [34828] [INFO] Worker exiting (pid: 34828)
[2025-10-12 20:44:16 +0300] [34826] [INFO] Worker exiting (pid: 34826)
[2025-10-12 20:44:16 +0300] [34827] [INFO] Worker exiting (pid: 34827)
[2025-10-12 17:44:16 +0000] [34823] [INFO] Handling signal: term
[2025-10-12 17:44:16 +0000] [34823] [ERROR] Worker (pid:34826) was sent SIGTERM!
[2025-10-12 17:44:16 +0000] [34823] [ERROR] Worker (pid:34828) was sent SIGTERM!
[2025-10-12 17:44:16 +0000] [34823] [ERROR] Worker (pid:34827) was sent SIGTERM!
[2025-10-12 17:44:16 +0000] [34823] [INFO] Shutting down: Master
[2025-10-12 17:44:17 +0000] [37985] [INFO] Starting gunicorn 23.0.0
[2025-10-12 17:44:17 +0000] [37985] [INFO] Listening at: http://127.0.0.1:8006 (37985)
[2025-10-12 17:44:17 +0000] [37985] [INFO] Using worker: sync
[2025-10-12 17:44:17 +0000] [37988] [INFO] Booting worker with pid: 37988
[2025-10-12 17:44:17 +0000] [37989] [INFO] Booting worker with pid: 37989
[2025-10-12 17:44:17 +0000] [37990] [INFO] Booting worker with pid: 37990
